{
  "RSpec": {
    "coverage": {
      "/home/visrut/dev/diaspora/app/uploaders/processed_image.rb": {
        "lines": [
          null,
          null,
          null,
          null,
          null,
          null,
          1,
          1,
          null,
          1,
          2660,
          null,
          null,
          1,
          2440,
          null,
          null,
          1,
          5856,
          null,
          null,
          1,
          1,
          null,
          1,
          1,
          null,
          1,
          1,
          null,
          1,
          1,
          null,
          null
        ]
      },
      "/home/visrut/dev/diaspora/app/uploaders/unprocessed_image.rb": {
        "lines": [
          null,
          null,
          null,
          null,
          null,
          null,
          1,
          1,
          null,
          1,
          6316,
          null,
          null,
          1,
          3451,
          null,
          null,
          1,
          8257,
          null,
          null,
          1,
          8257,
          null,
          null,
          1,
          8263,
          8263,
          null,
          null,
          1,
          null,
          1,
          7,
          6,
          6,
          6,
          null,
          null,
          6,
          null,
          6,
          6,
          null,
          null,
          null,
          1,
          1,
          1,
          1,
          1,
          null,
          null,
          1,
          6,
          null,
          null
        ]
      },
      "/home/visrut/dev/diaspora/app/controllers/admin/pods_controller.rb": {
        "lines": [
          null,
          null,
          null,
          1,
          1,
          1,
          null,
          1,
          3,
          null,
          3,
          3,
          2,
          2,
          2,
          2,
          2,
          2,
          2,
          null,
          3,
          4,
          null,
          null,
          null,
          1,
          2,
          2,
          null,
          2,
          3,
          3,
          null,
          null,
          null,
          null
        ]
      },
      "/home/visrut/dev/diaspora/app/controllers/admin/admin_controller.rb": {
        "lines": [
          null,
          null,
          1,
          1,
          1,
          1,
          null,
          null
        ]
      },
      "/home/visrut/dev/diaspora/app/controllers/application_controller.rb": {
        "lines": [
          null,
          null,
          null,
          null,
          null,
          null,
          1,
          1,
          1,
          null,
          1,
          3,
          3,
          3,
          3,
          null,
          3,
          3,
          null,
          null,
          1,
          1,
          1,
          1,
          1,
          1,
          1,
          1,
          null,
          1,
          null,
          null,
          null,
          null,
          null,
          null,
          null,
          185,
          null,
          1,
          null,
          1,
          522,
          null,
          null,
          1,
          1185,
          null,
          null,
          null,
          1,
          3,
          null,
          null,
          1,
          564,
          null,
          null,
          1,
          9,
          null,
          null,
          1,
          9,
          null,
          null,
          1,
          9,
          null,
          null,
          1,
          11,
          null,
          null,
          1,
          13,
          null,
          null,
          1,
          1185,
          null,
          1185,
          1185,
          1185,
          null,
          null,
          null,
          1,
          1185,
          621,
          null,
          564,
          564,
          564,
          null,
          null,
          null,
          1,
          26,
          3,
          null,
          null,
          1,
          15,
          5,
          null,
          null,
          null,
          null,
          1,
          1185,
          10,
          null,
          null,
          null,
          1,
          1185,
          null,
          null,
          1,
          13,
          null,
          null,
          1,
          85,
          null,
          null,
          1,
          null,
          13,
          8,
          null,
          5,
          null,
          null,
          null,
          1,
          1185,
          null,
          null,
          null,
          null,
          null,
          null,
          null,
          null,
          null,
          1,
          1185,
          621,
          621,
          621,
          null,
          null,
          1,
          1185,
          1156,
          null,
          null,
          1,
          null,
          1,
          30,
          null,
          null
        ]
      },
      "/home/visrut/dev/diaspora/app/controllers/admin/users_controller.rb": {
        "lines": [
          null,
          null,
          1,
          1,
          1,
          null,
          1,
          1,
          1,
          1,
          null,
          null,
          1,
          0,
          0,
          0,
          null,
          null,
          1,
          0,
          0,
          0,
          null,
          null,
          1,
          0,
          0,
          0,
          null,
          0,
          null,
          0,
          null,
          null,
          1,
          0,
          0,
          0,
          null,
          0,
          null,
          0,
          null,
          null,
          1,
          0,
          0,
          0,
          null,
          0,
          null,
          0,
          null,
          null,
          1,
          0,
          0,
          0,
          null,
          0,
          null,
          0,
          null,
          null,
          1,
          0,
          0,
          0,
          null,
          0,
          null,
          0,
          null,
          null,
          1,
          0,
          0,
          0,
          null,
          0,
          null,
          0,
          null,
          null,
          1,
          null,
          1,
          0,
          0,
          null,
          null,
          null
        ]
      },
      "/home/visrut/dev/diaspora/app/controllers/admins_controller.rb": {
        "lines": [
          null,
          null,
          1,
          1,
          null,
          1,
          4,
          null,
          null,
          1,
          5,
          3,
          null,
          3,
          3,
          null,
          null,
          5,
          5,
          null,
          null,
          1,
          4,
          4,
          4,
          null,
          4,
          3,
          3,
          null,
          1,
          null,
          4,
          null,
          null,
          1,
          0,
          0,
          null,
          null,
          1,
          0,
          0,
          0,
          0,
          0,
          null,
          null,
          0,
          0,
          null,
          null,
          1,
          4,
          null,
          null,
          null,
          null,
          null,
          4,
          null,
          1,
          1,
          null,
          1,
          1,
          null,
          1,
          1,
          null,
          1,
          1,
          null,
          null,
          4,
          16,
          null,
          null,
          4,
          null,
          null,
          null,
          4,
          null,
          4,
          null,
          null,
          null,
          null,
          null,
          null,
          1,
          null,
          1,
          16,
          null,
          null,
          1,
          16,
          16,
          16,
          null,
          null,
          null,
          null,
          null,
          null,
          null,
          null,
          null,
          null,
          1,
          1,
          1,
          1,
          null,
          1,
          null,
          1,
          null,
          1,
          5,
          5,
          null,
          null,
          1,
          5,
          3,
          null,
          null,
          null,
          1,
          10,
          0,
          null,
          null,
          null,
          1,
          3,
          null,
          3,
          3,
          3,
          3,
          3,
          3,
          3,
          3,
          3,
          null,
          null,
          null
        ]
      },
      "/home/visrut/dev/diaspora/app/controllers/api/openid_connect/authorizations_controller.rb": {
        "lines": [
          null,
          null,
          1,
          1,
          1,
          1,
          3,
          3,
          3,
          null,
          null,
          1,
          0,
          0,
          null,
          null,
          1,
          0,
          0,
          null,
          null,
          1,
          null,
          1,
          33,
          null,
          33,
          33,
          0,
          33,
          2,
          2,
          null,
          31,
          null,
          null,
          null,
          1,
          12,
          12,
          null,
          null,
          1,
          2,
          2,
          1,
          null,
          1,
          null,
          2,
          null,
          null,
          1,
          null,
          1,
          33,
          3,
          3,
          3,
          null,
          null,
          1,
          2,
          1,
          null,
          1,
          1,
          null,
          0,
          null,
          null,
          null,
          1,
          31,
          2,
          null,
          29,
          null,
          null,
          null,
          1,
          30,
          30,
          30,
          null,
          null,
          1,
          30,
          1,
          1,
          1,
          1,
          1,
          1,
          1,
          null,
          null,
          1,
          33,
          33,
          null,
          0,
          null,
          null,
          null,
          1,
          30,
          null,
          27,
          4,
          null,
          23,
          null,
          null,
          null,
          1,
          23,
          23,
          23,
          23,
          23,
          23,
          23,
          23,
          null,
          null,
          1,
          23,
          23,
          23,
          23,
          23,
          23,
          null,
          null,
          1,
          23,
          null,
          null,
          1,
          15,
          null,
          15,
          null,
          null,
          1,
          15,
          15,
          15,
          null,
          null,
          1,
          15,
          15,
          15,
          15,
          15,
          15,
          null,
          null,
          1,
          15,
          null,
          null,
          1,
          12,
          12,
          12,
          12,
          12,
          12,
          12,
          null,
          null,
          1,
          13,
          null,
          null,
          1,
          12,
          null,
          null,
          1,
          9,
          7,
          null,
          2,
          null,
          null,
          null,
          1,
          7,
          7,
          4,
          null,
          3,
          null,
          null,
          null,
          null,
          1,
          4,
          16,
          4,
          null,
          null,
          1,
          53,
          53,
          6,
          47,
          0,
          0,
          null,
          47,
          null,
          null,
          null,
          1,
          6,
          5,
          4,
          null,
          1,
          null,
          null,
          1,
          null,
          null,
          null,
          1,
          4,
          4,
          4,
          null,
          4,
          1,
          null,
          3,
          null,
          null,
          0,
          null,
          null,
          null,
          1,
          0,
          0,
          null,
          null,
          1,
          5,
          5,
          5,
          0,
          null,
          5,
          null,
          null,
          null,
          null,
          null
        ]
      },
      "/home/visrut/dev/diaspora/app/controllers/api/openid_connect/clients_controller.rb": {
        "lines": [
          null,
          null,
          1,
          1,
          1,
          1,
          null,
          1,
          0,
          null,
          null,
          1,
          null,
          1,
          null,
          null,
          1,
          0,
          null,
          null,
          1,
          0,
          null,
          null,
          null,
          1,
          7,
          7,
          6,
          null,
          null,
          1,
          2,
          2,
          1,
          null,
          1,
          null,
          null,
          null,
          1,
          null,
          1,
          0,
          null,
          null,
          1,
          1,
          null,
          null,
          1,
          0,
          null,
          null,
          null,
          null
        ]
      },
      "/home/visrut/dev/diaspora/lib/api/openid_connect/error.rb": {
        "lines": [
          null,
          null,
          1,
          1,
          1,
          1,
          1,
          0,
          null,
          null,
          1,
          1,
          0,
          null,
          null,
          null,
          null,
          null
        ]
      },
      "/home/visrut/dev/diaspora/app/controllers/api/openid_connect/discovery_controller.rb": {
        "lines": [
          null,
          null,
          null,
          null,
          null,
          null,
          null,
          null,
          null,
          null,
          null,
          null,
          null,
          null,
          null,
          null,
          null,
          null,
          null,
          null,
          null,
          null,
          null,
          null,
          null,
          1,
          1,
          1,
          1,
          3,
          null,
          null,
          null,
          null,
          null,
          null,
          null,
          null,
          null,
          null,
          null,
          null,
          null,
          null,
          null,
          null,
          null,
          null,
          null,
          null,
          null,
          null
        ]
      },
      "/home/visrut/dev/diaspora/app/controllers/api/openid_connect/id_tokens_controller.rb": {
        "lines": [
          null,
          null,
          null,
          null,
          null,
          null,
          null,
          null,
          null,
          null,
          null,
          null,
          null,
          null,
          null,
          null,
          null,
          null,
          null,
          null,
          null,
          null,
          null,
          1,
          1,
          1,
          1,
          1,
          null,
          null,
          1,
          null,
          1,
          1,
          null,
          null,
          null,
          null
        ]
      },
      "/home/visrut/dev/diaspora/app/controllers/api/openid_connect/token_endpoint_controller.rb": {
        "lines": [
          null,
          null,
          1,
          1,
          1,
          1,
          null,
          1,
          27,
          27,
          7,
          null,
          23,
          95,
          null,
          null,
          null,
          1,
          null,
          1,
          7,
          7,
          4,
          4,
          4,
          4,
          3,
          3,
          null,
          null,
          1,
          4,
          4,
          0,
          0,
          null,
          4,
          4,
          null,
          null,
          1,
          4,
          4,
          4,
          4,
          null,
          null,
          1,
          4,
          8,
          null,
          null,
          null,
          1,
          null,
          3,
          3,
          null,
          1,
          1,
          1,
          null,
          null,
          null,
          null
        ]
      },
      "/home/visrut/dev/diaspora/app/controllers/api/openid_connect/user_applications_controller.rb": {
        "lines": [
          null,
          null,
          1,
          1,
          1,
          1,
          null,
          1,
          1,
          null,
          null,
          null,
          null
        ]
      },
      "/home/visrut/dev/diaspora/app/controllers/aspect_memberships_controller.rb": {
        "lines": [
          null,
          null,
          null,
          null,
          null,
          null,
          null,
          1,
          1,
          null,
          1,
          null,
          1,
          2,
          1,
          1,
          null,
          null,
          1,
          1,
          1,
          1,
          null,
          0,
          null,
          null,
          null,
          null,
          null,
          1,
          7,
          null,
          5,
          5,
          5,
          5,
          null,
          null,
          null,
          0,
          0,
          0,
          null,
          null,
          null,
          null,
          1,
          1,
          1,
          null,
          null,
          null,
          null,
          1,
          1,
          null,
          null,
          1,
          1,
          null,
          null,
          1,
          0,
          null,
          null
        ]
      },
      "/home/visrut/dev/diaspora/app/controllers/aspects_controller.rb": {
        "lines": [
          null,
          null,
          null,
          null,
          null,
          null,
          1,
          1,
          null,
          1,
          null,
          null,
          null,
          1,
          7,
          7,
          null,
          7,
          5,
          5,
          3,
          3,
          null,
          null,
          5,
          null,
          2,
          null,
          null,
          null,
          1,
          null,
          5,
          3,
          3,
          null,
          2,
          null,
          5,
          null,
          0,
          null,
          null,
          5,
          0,
          null,
          5,
          null,
          null,
          null,
          1,
          2,
          1,
          null,
          1,
          null,
          null,
          null,
          1,
          2,
          2,
          null,
          0,
          null,
          2,
          null,
          null,
          1,
          1,
          2,
          null,
          1,
          null,
          null,
          1,
          null,
          1,
          24,
          null,
          null,
          1,
          3,
          3,
          1,
          null,
          2,
          2,
          null,
          null,
          null,
          1,
          9,
          null,
          null
        ]
      },
      "/home/visrut/dev/diaspora/app/controllers/blocks_controller.rb": {
        "lines": [
          null,
          null,
          1,
          1,
          null,
          1,
          null,
          2,
          null,
          null,
          null,
          2,
          4,
          2,
          null,
          null,
          null,
          1,
          7,
          null,
          7,
          6,
          null,
          1,
          null,
          null,
          7,
          9,
          12,
          null,
          null,
          null,
          1,
          null,
          1,
          2,
          null,
          null,
          1,
          9,
          null,
          null
        ]
      },
      "/home/visrut/dev/diaspora/app/controllers/comments_controller.rb": {
        "lines": [
          null,
          null,
          null,
          null,
          null,
          null,
          1,
          1,
          null,
          1,
          null,
          1,
          3,
          null,
          null,
          1,
          1,
          null,
          null,
          1,
          5,
          2,
          3,
          3,
          null,
          null,
          null,
          1,
          0,
          0,
          null,
          null,
          null,
          1,
          null,
          6,
          null,
          1,
          1,
          null,
          null,
          5,
          5,
          null,
          0,
          null,
          null,
          null,
          1,
          5,
          3,
          null,
          1,
          null,
          null,
          null,
          1,
          null,
          1,
          16,
          null,
          null,
          1,
          5,
          6,
          8,
          6,
          null,
          null,
          null,
          1,
          3,
          3,
          6,
          3,
          null,
          null,
          null,
          1,
          1,
          1,
          2,
          1,
          null,
          null,
          null
        ]
      },
      "/home/visrut/dev/diaspora/app/controllers/contacts_controller.rb": {
        "lines": [
          null,
          null,
          null,
          null,
          null,
          null,
          1,
          1,
          null,
          1,
          22,
          null,
          null,
          29,
          null,
          null,
          23,
          null,
          null,
          22,
          14,
          6,
          6,
          null,
          8,
          null,
          14,
          null,
          null,
          null,
          null,
          1,
          2,
          2,
          null,
          null,
          1,
          null,
          1,
          7,
          1,
          1,
          null,
          7,
          null,
          null,
          1,
          8,
          8,
          4,
          4,
          null,
          8,
          8,
          19,
          null,
          null,
          1,
          8,
          8,
          null,
          2,
          2,
          null,
          0,
          null,
          2,
          null,
          4,
          4,
          null,
          0,
          null,
          8,
          null,
          null,
          null,
          1,
          4,
          4,
          4,
          null,
          null,
          null,
          null,
          null,
          null,
          null,
          null,
          1,
          1,
          null,
          0,
          null,
          0,
          null,
          1,
          0,
          0,
          null,
          1,
          null,
          null,
          1,
          1,
          null,
          null
        ]
      },
      "/home/visrut/dev/diaspora/app/controllers/conversation_visibilities_controller.rb": {
        "lines": [
          null,
          null,
          null,
          null,
          null,
          null,
          null,
          1,
          1,
          null,
          1,
          5,
          null,
          5,
          4,
          4,
          4,
          1,
          null,
          3,
          null,
          null,
          null,
          5,
          null,
          null
        ]
      },
      "/home/visrut/dev/diaspora/app/controllers/conversations_controller.rb": {
        "lines": [
          null,
          null,
          1,
          1,
          1,
          null,
          1,
          8,
          null,
          null,
          null,
          null,
          8,
          4,
          null,
          null,
          null,
          null,
          null,
          4,
          3,
          3,
          null,
          null,
          null,
          8,
          null,
          8,
          15,
          9,
          null,
          null,
          null,
          1,
          null,
          null,
          null,
          106,
          40,
          28,
          null,
          null,
          40,
          18,
          18,
          null,
          null,
          22,
          22,
          22,
          22,
          null,
          22,
          16,
          16,
          16,
          null,
          6,
          null,
          null,
          null,
          1,
          2,
          2,
          1,
          1,
          null,
          null,
          2,
          2,
          2,
          null,
          3,
          null,
          0,
          null,
          null,
          null,
          null,
          1,
          2,
          2,
          1,
          1,
          1,
          null,
          1,
          null,
          null,
          null,
          1,
          7,
          1,
          1,
          null,
          null,
          6,
          5,
          null,
          5,
          0,
          5,
          0,
          null,
          null,
          5,
          null,
          1,
          null,
          null,
          null,
          1,
          null,
          1,
          13,
          null,
          null,
          13,
          null,
          null,
          null
        ]
      },
      "/home/visrut/dev/diaspora/app/controllers/help_controller.rb": {
        "lines": [
          null,
          null,
          1,
          null
        ]
      },
      "/home/visrut/dev/diaspora/app/controllers/home_controller.rb": {
        "lines": [
          null,
          null,
          null,
          null,
          null,
          null,
          1,
          1,
          4,
          4,
          1,
          3,
          1,
          null,
          null,
          0,
          null,
          1,
          null,
          2,
          null,
          null,
          0,
          2,
          1,
          null,
          1,
          null,
          null,
          null,
          1,
          2,
          null,
          null,
          1,
          2,
          null,
          2,
          null,
          null,
          1,
          2,
          null,
          2,
          null,
          null
        ]
      },
      "/home/visrut/dev/diaspora/app/controllers/invitation_codes_controller.rb": {
        "lines": [
          null,
          null,
          1,
          1,
          null,
          1,
          1,
          null,
          null,
          1,
          2,
          1,
          1,
          1,
          null,
          1,
          null,
          null,
          null,
          1,
          null,
          1,
          3,
          null,
          null
        ]
      },
      "/home/visrut/dev/diaspora/app/controllers/invitations_controller.rb": {
        "lines": [
          null,
          null,
          null,
          null,
          null,
          null,
          1,
          1,
          1,
          null,
          1,
          1,
          null,
          1,
          1,
          null,
          1,
          1,
          1,
          null,
          null,
          null,
          null,
          1,
          13,
          null,
          29,
          null,
          13,
          13,
          null,
          13,
          7,
          null,
          null,
          13,
          3,
          10,
          4,
          6,
          3,
          null,
          3,
          null,
          null,
          null,
          13,
          null,
          null,
          1,
          null,
          1,
          15,
          null,
          2,
          1,
          null,
          1,
          null,
          2,
          null,
          null,
          1,
          19,
          null,
          null,
          1,
          6,
          3,
          2,
          2,
          2,
          null,
          null,
          1,
          20,
          null,
          null
        ]
      },
      "/home/visrut/dev/diaspora/app/controllers/streams_controller.rb": {
        "lines": [
          null,
          null,
          null,
          null,
          null,
          null,
          1,
          1,
          1,
          null,
          23,
          null,
          1,
          null,
          null,
          null,
          1,
          12,
          12,
          null,
          12,
          null,
          null,
          1,
          3,
          null,
          null,
          1,
          0,
          0,
          null,
          0,
          null,
          null,
          null,
          1,
          1,
          null,
          null,
          1,
          4,
          1,
          1,
          1,
          null,
          null,
          4,
          null,
          null,
          1,
          0,
          null,
          null,
          1,
          1,
          null,
          null,
          1,
          1,
          null,
          null,
          1,
          1,
          1,
          null,
          null,
          1,
          null,
          1,
          null,
          23,
          11,
          null,
          null,
          23,
          40,
          28,
          39,
          null,
          null,
          null,
          1,
          12,
          0,
          null,
          null,
          null
        ]
      },
      "/home/visrut/dev/diaspora/app/controllers/notifications_controller.rb": {
        "lines": [
          null,
          null,
          null,
          null,
          null,
          null,
          1,
          1,
          null,
          1,
          15,
          15,
          15,
          1,
          null,
          15,
          15,
          15,
          15,
          15,
          null,
          null,
          null,
          null,
          null,
          15,
          null,
          64,
          null,
          15,
          null,
          15,
          null,
          15,
          135,
          null,
          null,
          15,
          15,
          15,
          15,
          2,
          null,
          null,
          null,
          null,
          1,
          5,
          5,
          4,
          null,
          4,
          8,
          null,
          null,
          1,
          2,
          null,
          null,
          null,
          null,
          1,
          null,
          12,
          null,
          null,
          null,
          null,
          1,
          9,
          9,
          9,
          9,
          9,
          9,
          5,
          4,
          null,
          10,
          7,
          null,
          9,
          10,
          null,
          null,
          null,
          1,
          null,
          1,
          null,
          2,
          null,
          null,
          4,
          null,
          null,
          null,
          null
        ]
      },
      "/home/visrut/dev/diaspora/app/controllers/people_controller.rb": {
        "lines": [
          null,
          null,
          null,
          null,
          null,
          null,
          1,
          1,
          null,
          1,
          1,
          1,
          null,
          1,
          1,
          null,
          1,
          3,
          null,
          null,
          1,
          1,
          2,
          1,
          null,
          null,
          null,
          1,
          null,
          1,
          21,
          21,
          null,
          21,
          null,
          21,
          21,
          5,
          5,
          null,
          null,
          21,
          null,
          16,
          6,
          6,
          null,
          16,
          16,
          null,
          null,
          null,
          null,
          1,
          4,
          4,
          4,
          4,
          1,
          null,
          1,
          1,
          null,
          4,
          null,
          null,
          null,
          1,
          28,
          28,
          null,
          28,
          28,
          24,
          19,
          null,
          24,
          24,
          24,
          null,
          null,
          28,
          4,
          4,
          4,
          null,
          null,
          28,
          null,
          null,
          null,
          1,
          10,
          11,
          10,
          24,
          null,
          null,
          null,
          null,
          null,
          null,
          1,
          5,
          5,
          1,
          null,
          null,
          5,
          4,
          null,
          null,
          null,
          null,
          1,
          null,
          1,
          48,
          48,
          null,
          null,
          null,
          null,
          45,
          45,
          null,
          null,
          1,
          3,
          3,
          3,
          null,
          null,
          1,
          17,
          null,
          10,
          null,
          null,
          null,
          10,
          null,
          null,
          null,
          null,
          1,
          109,
          null,
          null,
          1,
          24,
          null,
          null,
          null,
          1,
          39,
          null,
          null,
          1,
          22,
          1,
          null,
          null,
          null,
          1,
          13,
          null,
          null
        ]
      },
      "/home/visrut/dev/diaspora/app/controllers/photos_controller.rb": {
        "lines": [
          null,
          null,
          null,
          null,
          null,
          null,
          1,
          1,
          1,
          null,
          1,
          5,
          4,
          null,
          1,
          null,
          null,
          5,
          null,
          3,
          3,
          2,
          2,
          null,
          4,
          null,
          null,
          null,
          1,
          17,
          17,
          17,
          16,
          null,
          16,
          16,
          16,
          16,
          16,
          11,
          11,
          11,
          null,
          19,
          18,
          null,
          null,
          0,
          0,
          null,
          null,
          null,
          1,
          7,
          7,
          null,
          null,
          null,
          1,
          3,
          3,
          null,
          3,
          2,
          null,
          null,
          null,
          2,
          2,
          2,
          2,
          null,
          null,
          null,
          null,
          null,
          null,
          null,
          null,
          0,
          null,
          null,
          1,
          null,
          null,
          null,
          1,
          5,
          null,
          5,
          3,
          null,
          3,
          4,
          3,
          2,
          2,
          0,
          null,
          2,
          null,
          null,
          null,
          null,
          2,
          null,
          null,
          null,
          1,
          null,
          1,
          7,
          null,
          null,
          1,
          null,
          null,
          null,
          3,
          3,
          null,
          3,
          3,
          null,
          null,
          null,
          0,
          null,
          0,
          null,
          0,
          null,
          0,
          null,
          null,
          0,
          0,
          0,
          null,
          null,
          null,
          1,
          7,
          7,
          null,
          7,
          7,
          7,
          8,
          13,
          null,
          null,
          0,
          null,
          null,
          null,
          1,
          7,
          null,
          0,
          null,
          0,
          null,
          0,
          null,
          null,
          1,
          0,
          0,
          0,
          null,
          null,
          null,
          1,
          7,
          null,
          null
        ]
      },
      "/home/visrut/dev/diaspora/app/controllers/posts_controller.rb": {
        "lines": [
          null,
          null,
          null,
          null,
          null,
          null,
          1,
          1,
          1,
          null,
          1,
          null,
          1,
          1,
          null,
          null,
          1,
          1,
          null,
          null,
          1,
          14,
          12,
          12,
          12,
          12,
          6,
          6,
          null,
          17,
          13,
          null,
          null,
          null,
          1,
          2,
          2,
          1,
          1,
          null,
          1,
          null,
          null,
          1,
          4,
          4,
          3,
          2,
          null,
          1,
          null,
          null,
          5,
          null,
          null,
          1,
          null,
          null,
          1,
          4,
          2,
          3,
          3,
          null,
          null,
          null,
          1,
          null,
          1,
          37,
          null,
          null,
          1,
          14,
          null,
          null
        ]
      },
      "/home/visrut/dev/diaspora/app/controllers/status_messages_controller.rb": {
        "lines": [
          null,
          null,
          null,
          null,
          null,
          1,
          1,
          null,
          1,
          null,
          1,
          null,
          1,
          null,
          null,
          null,
          1,
          3,
          2,
          2,
          2,
          2,
          2,
          null,
          0,
          null,
          1,
          0,
          0,
          null,
          1,
          null,
          null,
          null,
          1,
          4,
          null,
          4,
          null,
          null,
          null,
          null,
          null,
          null,
          null,
          1,
          25,
          22,
          23,
          35,
          null,
          null,
          1,
          null,
          2,
          null,
          null,
          1,
          null,
          1,
          2,
          null,
          null,
          1,
          2,
          2,
          3,
          3,
          null,
          null,
          null,
          1,
          0,
          null,
          null,
          1,
          0,
          null,
          null,
          1,
          0,
          null,
          null,
          1,
          25,
          null,
          null,
          null,
          null,
          null,
          null,
          null,
          null,
          null,
          null,
          null,
          null,
          null,
          1,
          25,
          25,
          2,
          null,
          23,
          null,
          null,
          null,
          1,
          26,
          null,
          null
        ]
      },
      "/home/visrut/dev/diaspora/app/controllers/users_controller.rb": {
        "lines": [
          null,
          null,
          null,
          null,
          null,
          null,
          1,
          1,
          1,
          null,
          1,
          4,
          4,
          null,
          null,
          1,
          1,
          null,
          null,
          1,
          38,
          null,
          38,
          1,
          1,
          37,
          37,
          null,
          null,
          38,
          38,
          null,
          null,
          1,
          3,
          2,
          2,
          2,
          null,
          1,
          1,
          null,
          0,
          null,
          1,
          null,
          null,
          null,
          1,
          8,
          8,
          8,
          6,
          null,
          null,
          6,
          null,
          null,
          null,
          10,
          null,
          null,
          0,
          null,
          null,
          null,
          1,
          5,
          5,
          5,
          5,
          5,
          null,
          5,
          null,
          null,
          1,
          0,
          0,
          0,
          0,
          null,
          null,
          1,
          1,
          1,
          1,
          null,
          null,
          1,
          1,
          null,
          null,
          1,
          1,
          1,
          1,
          null,
          null,
          1,
          1,
          null,
          null,
          1,
          3,
          2,
          1,
          1,
          null,
          3,
          null,
          null,
          1,
          null,
          1,
          74,
          null,
          null,
          null,
          null,
          null,
          null,
          null,
          null,
          null,
          null,
          null,
          null,
          null,
          null,
          null,
          1,
          2,
          null,
          null,
          null,
          null,
          null,
          null,
          1,
          37,
          22,
          15,
          3,
          12,
          7,
          5,
          0,
          5,
          0,
          5,
          1,
          4,
          0,
          null,
          4,
          null,
          null,
          null,
          1,
          1,
          0,
          0,
          null,
          1,
          1,
          null,
          null,
          null,
          1,
          null,
          0,
          null,
          0,
          null,
          0,
          null,
          0,
          0,
          null,
          null,
          null,
          1,
          22,
          22,
          null,
          null,
          1,
          3,
          2,
          2,
          null,
          1,
          null,
          null,
          null,
          1,
          7,
          6,
          6,
          5,
          5,
          null,
          1,
          1,
          null,
          null,
          1,
          1,
          1,
          null,
          0,
          0,
          null,
          null,
          null,
          null,
          1,
          0,
          0,
          0,
          0,
          0,
          null,
          0,
          null,
          null,
          0,
          null,
          null,
          1,
          5,
          4,
          null,
          1,
          null,
          null,
          null,
          1,
          42,
          null,
          42,
          23,
          null,
          null,
          null
        ]
      },
      "/home/visrut/dev/diaspora/app/controllers/likes_controller.rb": {
        "lines": [
          null,
          null,
          null,
          null,
          null,
          null,
          1,
          1,
          1,
          null,
          1,
          null,
          null,
          null,
          1,
          1,
          null,
          null,
          1,
          5,
          5,
          null,
          0,
          null,
          3,
          null,
          null,
          null,
          null,
          1,
          6,
          6,
          null,
          0,
          null,
          null,
          3,
          null,
          2,
          3,
          2,
          3,
          null,
          null,
          null,
          1,
          2,
          1,
          null,
          1,
          null,
          null,
          null,
          1,
          null,
          1,
          13,
          null,
          null
        ]
      },
      "/home/visrut/dev/diaspora/app/controllers/links_controller.rb": {
        "lines": [
          null,
          null,
          1,
          1,
          6,
          6,
          null,
          4,
          null,
          null,
          1,
          null,
          1,
          6,
          null,
          null
        ]
      },
      "/home/visrut/dev/diaspora/app/controllers/messages_controller.rb": {
        "lines": [
          null,
          null,
          null,
          null,
          null,
          null,
          1,
          1,
          null,
          1,
          1,
          null,
          1,
          8,
          null,
          8,
          8,
          null,
          8,
          6,
          null,
          6,
          null,
          2,
          null,
          8,
          null,
          null
        ]
      },
      "/home/visrut/dev/diaspora/app/controllers/node_info_controller.rb": {
        "lines": [
          null,
          null,
          1,
          1,
          2,
          null,
          null,
          1,
          10,
          9,
          9,
          null,
          1,
          null,
          null,
          null,
          1,
          3,
          4,
          5,
          null,
          null,
          null,
          null,
          null,
          1,
          0,
          null,
          null,
          null,
          null,
          null,
          null
        ]
      },
      "/home/visrut/dev/diaspora/app/controllers/participations_controller.rb": {
        "lines": [
          null,
          null,
          1,
          1,
          null,
          1,
          4,
          4,
          3,
          3,
          null,
          1,
          null,
          null,
          null,
          1,
          2,
          2,
          1,
          1,
          null,
          1,
          null,
          null,
          null
        ]
      },
      "/home/visrut/dev/diaspora/app/controllers/poll_participations_controller.rb": {
        "lines": [
          null,
          null,
          1,
          1,
          null,
          1,
          5,
          2,
          2,
          4,
          null,
          null,
          1,
          1,
          2,
          null,
          null,
          null,
          1,
          null,
          1,
          5,
          null,
          null
        ]
      },
      "/home/visrut/dev/diaspora/app/controllers/profiles_controller.rb": {
        "lines": [
          null,
          null,
          null,
          null,
          null,
          null,
          1,
          1,
          null,
          1,
          1,
          null,
          null,
          null,
          1,
          1,
          null,
          1,
          2,
          null,
          null,
          null,
          1,
          4,
          4,
          4,
          null,
          12,
          null,
          null,
          1,
          null,
          11,
          null,
          11,
          null,
          null,
          11,
          11,
          11,
          null,
          11,
          0,
          null,
          null,
          11,
          10,
          null,
          1,
          null,
          null,
          11,
          11,
          11,
          11,
          0,
          null,
          11,
          null,
          null,
          null,
          null,
          null,
          1,
          null,
          1,
          11,
          3,
          2,
          2,
          2,
          2,
          null,
          null,
          null,
          11,
          null,
          null,
          1,
          11,
          null,
          null,
          null,
          null
        ]
      },
      "/home/visrut/dev/diaspora/app/controllers/registrations_controller.rb": {
        "lines": [
          null,
          null,
          null,
          null,
          null,
          null,
          1,
          1,
          null,
          10,
          null,
          1,
          14,
          null,
          14,
          7,
          7,
          7,
          7,
          7,
          7,
          null,
          7,
          null,
          7,
          7,
          7,
          null,
          null,
          null,
          1,
          0,
          null,
          null,
          1,
          null,
          1,
          21,
          null,
          5,
          5,
          null,
          null,
          1,
          27,
          null,
          null,
          1,
          null,
          1,
          14,
          null,
          null,
          null,
          null,
          null,
          null
        ]
      },
      "/home/visrut/dev/diaspora/app/controllers/report_controller.rb": {
        "lines": [
          null,
          null,
          null,
          null,
          null,
          null,
          1,
          1,
          1,
          null,
          1,
          2,
          null,
          null,
          1,
          4,
          0,
          null,
          4,
          null,
          null,
          1,
          4,
          0,
          null,
          4,
          null,
          4,
          null,
          null,
          1,
          2,
          2,
          2,
          null,
          0,
          null,
          null,
          null,
          1,
          1,
          2,
          null,
          null
        ]
      },
      "/home/visrut/dev/diaspora/app/controllers/reshares_controller.rb": {
        "lines": [
          null,
          null,
          1,
          1,
          1,
          null,
          1,
          5,
          null,
          1,
          null,
          4,
          null,
          null,
          1,
          5,
          null,
          null,
          null,
          null,
          1,
          null,
          1,
          10,
          null,
          null
        ]
      },
      "/home/visrut/dev/diaspora/app/controllers/search_controller.rb": {
        "lines": [
          null,
          null,
          1,
          1,
          null,
          1,
          4,
          3,
          2,
          2,
          4,
          null,
          null,
          1,
          1,
          null,
          null,
          1,
          null,
          null,
          null,
          1,
          null,
          1,
          13,
          null,
          null,
          null
        ]
      },
      "/home/visrut/dev/diaspora/app/controllers/services_controller.rb": {
        "lines": [
          null,
          null,
          null,
          null,
          null,
          1,
          null,
          null,
          null,
          1,
          1,
          1,
          null,
          1,
          1,
          null,
          1,
          1,
          null,
          null,
          1,
          4,
          null,
          4,
          4,
          4,
          4,
          null,
          4,
          null,
          0,
          null,
          4,
          null,
          null,
          1,
          0,
          0,
          0,
          null,
          null,
          1,
          1,
          1,
          1,
          1,
          null,
          null,
          1,
          null,
          1,
          8,
          2,
          null,
          null,
          2,
          null,
          null,
          null,
          1,
          6,
          2,
          2,
          null,
          null,
          null,
          1,
          8,
          8,
          null,
          0,
          null,
          null,
          null,
          1,
          2,
          null,
          null,
          1,
          3,
          null,
          null,
          1,
          16,
          null,
          null,
          1,
          20,
          null,
          null,
          1,
          2,
          null,
          null,
          null,
          null,
          1,
          2,
          null,
          null
        ]
      },
      "/home/visrut/dev/diaspora/app/controllers/sessions_controller.rb": {
        "lines": [
          null,
          null,
          null,
          null,
          null,
          null,
          1,
          null,
          1,
          null,
          null,
          1,
          3,
          null,
          0,
          null,
          null,
          1,
          3,
          null,
          3,
          null,
          0,
          0,
          null,
          0,
          0,
          null,
          null,
          null,
          1,
          0,
          null,
          null,
          0,
          null,
          null,
          1,
          0,
          0,
          0,
          null,
          0,
          0,
          null,
          null,
          null,
          1,
          0,
          0,
          null,
          null
        ]
      },
      "/home/visrut/dev/diaspora/app/controllers/share_visibilities_controller.rb": {
        "lines": [
          null,
          null,
          null,
          null,
          null,
          null,
          null,
          1,
          1,
          null,
          1,
          4,
          2,
          2,
          null,
          null,
          1,
          null,
          1,
          4,
          null,
          null
        ]
      },
      "/home/visrut/dev/diaspora/app/controllers/tag_followings_controller.rb": {
        "lines": [
          null,
          null,
          null,
          null,
          null,
          null,
          null,
          1,
          1,
          null,
          1,
          1,
          null,
          null,
          null,
          1,
          9,
          6,
          null,
          0,
          null,
          3,
          null,
          null,
          null,
          null,
          1,
          1,
          null,
          1,
          2,
          null,
          null,
          0,
          0,
          null,
          null,
          null,
          1,
          1,
          2,
          null,
          null,
          null,
          1,
          2,
          2,
          null,
          null,
          1,
          null,
          1,
          10,
          null,
          null
        ]
      },
      "/home/visrut/dev/diaspora/app/controllers/tags_controller.rb": {
        "lines": [
          null,
          null,
          null,
          null,
          null,
          null,
          1,
          1,
          null,
          1,
          null,
          11,
          null,
          1,
          1,
          null,
          1,
          4,
          1,
          1,
          1,
          1,
          null,
          1,
          2,
          null,
          null,
          3,
          5,
          4,
          null,
          null,
          null,
          null,
          1,
          13,
          null,
          12,
          4,
          null,
          12,
          12,
          12,
          12,
          2,
          2,
          null,
          2,
          null,
          null,
          null,
          null,
          1,
          null,
          1,
          2,
          null,
          null,
          1,
          13,
          13,
          null,
          null,
          1,
          1,
          null,
          null,
          1,
          1,
          1,
          null,
          null,
          1,
          1,
          null,
          null
        ]
      },
      "/home/visrut/dev/diaspora/app/controllers/terms_controller.rb": {
        "lines": [
          null,
          null,
          null,
          null,
          null,
          null,
          1,
          null,
          1,
          null,
          1,
          2,
          2,
          null,
          0,
          null,
          2,
          null,
          null,
          null,
          null
        ]
      },
      "/home/visrut/dev/diaspora/app/controllers/two_factor_authentications_controller.rb": {
        "lines": [
          null,
          null,
          1,
          1,
          1,
          null,
          1,
          2,
          null,
          null,
          1,
          1,
          1,
          1,
          null,
          null,
          1,
          2,
          null,
          null,
          1,
          2,
          1,
          1,
          null,
          1,
          1,
          null,
          1,
          1,
          null,
          null,
          null,
          1,
          1,
          1,
          null,
          null,
          1,
          2,
          1,
          1,
          1,
          null,
          1,
          null,
          2,
          null,
          null,
          1,
          null,
          1,
          1,
          null,
          null
        ]
      },
      "/home/visrut/dev/diaspora/app/models/user_preference.rb": {
        "lines": [
          null,
          null,
          1,
          1,
          null,
          1,
          null,
          null,
          1,
          null,
          null,
          null,
          null,
          null,
          null,
          null,
          null,
          null,
          null,
          null,
          null,
          null,
          1,
          69,
          1,
          null,
          null,
          null
        ]
      },
      "/home/visrut/dev/diaspora/app/controllers/api/v1/aspects_controller.rb": {
        "lines": [
          null,
          null,
          1,
          1,
          1,
          1,
          5,
          null,
          null,
          1,
          14,
          null,
          null,
          1,
          1,
          1,
          3,
          1,
          null,
          null,
          1,
          2,
          2,
          1,
          null,
          1,
          null,
          null,
          null,
          1,
          3,
          2,
          2,
          1,
          null,
          1,
          null,
          null,
          1,
          null,
          null,
          1,
          6,
          null,
          6,
          1,
          5,
          4,
          null,
          0,
          null,
          null,
          1,
          null,
          null,
          1,
          2,
          2,
          1,
          null,
          1,
          null,
          null,
          null,
          1,
          null,
          1,
          5,
          5,
          null,
          5,
          null,
          null,
          1,
          8,
          null,
          null,
          null,
          null
        ]
      },
      "/home/visrut/dev/diaspora/app/controllers/api/v1/base_controller.rb": {
        "lines": [
          null,
          null,
          1,
          1,
          1,
          1,
          null,
          404,
          null,
          1,
          null,
          1,
          0,
          0,
          0,
          null,
          null,
          1,
          0,
          0,
          null,
          null,
          1,
          47,
          47,
          null,
          null,
          1,
          0,
          0,
          null,
          null,
          1,
          0,
          0,
          null,
          null,
          1,
          2,
          2,
          null,
          null,
          1,
          1500,
          null,
          null,
          1,
          28,
          null,
          null,
          1,
          75,
          75,
          75,
          75,
          null,
          75,
          null,
          null,
          1,
          191,
          null,
          null,
          1,
          17,
          null,
          null,
          1,
          52,
          null,
          null,
          1,
          11,
          null,
          null,
          null,
          null
        ]
      },
      "/home/visrut/dev/diaspora/lib/api/openid_connect/protected_resource_endpoint.rb": {
        "lines": [
          null,
          null,
          null,
          null,
          null,
          null,
          null,
          null,
          null,
          null,
          null,
          null,
          null,
          null,
          null,
          null,
          null,
          null,
          null,
          null,
          null,
          null,
          null,
          null,
          null,
          1,
          1,
          1,
          1,
          null,
          1,
          47,
          462,
          null,
          null,
          1,
          543,
          null,
          543,
          540,
          null,
          null,
          null,
          null
        ]
      },
      "/home/visrut/dev/diaspora/app/controllers/api/v1/comments_controller.rb": {
        "lines": [
          null,
          null,
          1,
          1,
          1,
          1,
          13,
          null,
          null,
          1,
          12,
          null,
          null,
          1,
          7,
          null,
          null,
          1,
          1,
          null,
          null,
          1,
          5,
          3,
          null,
          2,
          null,
          2,
          null,
          null,
          1,
          5,
          3,
          3,
          null,
          3,
          9,
          3,
          null,
          null,
          1,
          6,
          4,
          2,
          1,
          null,
          null,
          1,
          null,
          null,
          1,
          8,
          5,
          5,
          5,
          null,
          3,
          3,
          3,
          null,
          null,
          null,
          null,
          3,
          2,
          null,
          1,
          null,
          null,
          null,
          1,
          null,
          1,
          9,
          2,
          2,
          7,
          2,
          2,
          null,
          5,
          null,
          null,
          null,
          1,
          7,
          15,
          7,
          null,
          null,
          1,
          9,
          7,
          null,
          2,
          null,
          null,
          1,
          27,
          null,
          null,
          1,
          24,
          null,
          null,
          1,
          8,
          null,
          null,
          1,
          24,
          19,
          null,
          4,
          null,
          null,
          null,
          null
        ]
      },
      "/home/visrut/dev/diaspora/app/controllers/api/v1/contacts_controller.rb": {
        "lines": [
          null,
          null,
          1,
          null,
          1,
          1,
          1,
          1,
          5,
          null,
          null,
          1,
          12,
          null,
          null,
          1,
          4,
          null,
          null,
          1,
          4,
          2,
          2,
          2,
          null,
          2,
          null,
          null,
          1,
          5,
          5,
          5,
          null,
          2,
          1,
          null,
          1,
          null,
          null,
          1,
          null,
          null,
          1,
          5,
          5,
          5,
          null,
          2,
          1,
          null,
          1,
          null,
          null,
          3,
          null,
          null,
          1,
          12,
          null,
          null,
          null,
          null
        ]
      },
      "/home/visrut/dev/diaspora/lib/api/paging/index_paginator.rb": {
        "lines": [
          null,
          null,
          1,
          1,
          1,
          1,
          37,
          37,
          37,
          null,
          null,
          1,
          102,
          102,
          102,
          102,
          null,
          null,
          1,
          37,
          37,
          null,
          7,
          null,
          3,
          null,
          null,
          1,
          29,
          29,
          null,
          0,
          null,
          0,
          null,
          null,
          1,
          0,
          null,
          null,
          null,
          null
        ]
      },
      "/home/visrut/dev/diaspora/app/controllers/api/v1/conversations_controller.rb": {
        "lines": [
          null,
          null,
          1,
          1,
          1,
          1,
          null,
          1,
          null,
          1,
          71,
          null,
          null,
          1,
          5,
          null,
          null,
          1,
          4,
          4,
          null,
          4,
          null,
          4,
          4,
          12,
          4,
          null,
          null,
          1,
          6,
          2,
          null,
          null,
          1,
          49,
          45,
          44,
          44,
          null,
          43,
          43,
          43,
          null,
          6,
          null,
          null,
          1,
          3,
          2,
          2,
          null,
          2,
          null,
          1,
          null,
          null,
          1,
          4,
          3,
          3,
          null,
          null,
          1,
          null,
          1,
          60,
          null,
          null,
          1,
          55,
          null,
          null,
          1,
          4,
          null,
          null,
          1,
          90,
          null,
          null,
          1,
          44,
          null,
          null,
          null,
          null
        ]
      },
      "/home/visrut/dev/diaspora/app/controllers/api/v1/likes_controller.rb": {
        "lines": [
          null,
          null,
          1,
          1,
          1,
          1,
          35,
          null,
          null,
          1,
          26,
          null,
          null,
          1,
          8,
          null,
          null,
          1,
          4,
          null,
          null,
          1,
          9,
          7,
          null,
          5,
          null,
          5,
          null,
          4,
          10,
          4,
          null,
          null,
          1,
          11,
          9,
          null,
          7,
          4,
          null,
          3,
          null,
          null,
          4,
          2,
          null,
          null,
          2,
          null,
          null,
          1,
          11,
          7,
          null,
          7,
          4,
          null,
          3,
          null,
          null,
          null,
          1,
          null,
          1,
          5,
          3,
          null,
          2,
          null,
          2,
          null,
          null,
          null,
          1,
          16,
          null,
          null,
          1,
          31,
          null,
          null,
          1,
          11,
          null,
          null,
          1,
          6,
          null,
          null,
          1,
          3,
          null,
          2,
          null,
          null,
          1,
          4,
          null,
          3,
          null,
          2,
          null,
          null,
          1,
          3,
          2,
          null,
          1,
          null,
          null,
          null,
          1,
          4,
          null,
          3,
          2,
          null,
          1,
          null,
          null,
          null,
          1,
          11,
          8,
          null,
          3,
          3,
          null,
          null,
          null,
          1,
          11,
          11,
          null,
          null,
          null,
          null
        ]
      },
      "/home/visrut/dev/diaspora/app/controllers/api/v1/messages_controller.rb": {
        "lines": [
          null,
          null,
          1,
          1,
          1,
          1,
          8,
          null,
          null,
          1,
          1,
          null,
          null,
          1,
          4,
          3,
          1,
          1,
          1,
          1,
          null,
          2,
          null,
          null,
          1,
          2,
          2,
          5,
          2,
          null,
          null,
          1,
          null,
          1,
          6,
          null,
          null,
          1,
          4,
          null,
          null,
          null,
          null
        ]
      },
      "/home/visrut/dev/diaspora/app/controllers/api/v1/notifications_controller.rb": {
        "lines": [
          null,
          null,
          1,
          1,
          1,
          1,
          null,
          1,
          17,
          null,
          null,
          1,
          1,
          null,
          null,
          1,
          3,
          null,
          3,
          1,
          null,
          2,
          null,
          null,
          null,
          1,
          7,
          null,
          6,
          6,
          6,
          9,
          null,
          6,
          null,
          1,
          null,
          null,
          1,
          4,
          3,
          2,
          null,
          0,
          null,
          null,
          1,
          null,
          null,
          1,
          null,
          1,
          12,
          null,
          null,
          null,
          null
        ]
      },
      "/home/visrut/dev/diaspora/app/controllers/api/v1/photos_controller.rb": {
        "lines": [
          null,
          null,
          1,
          1,
          1,
          1,
          8,
          null,
          null,
          1,
          14,
          null,
          null,
          1,
          5,
          null,
          null,
          1,
          2,
          1,
          null,
          1,
          null,
          2,
          5,
          2,
          null,
          null,
          1,
          6,
          6,
          null,
          4,
          null,
          3,
          null,
          null,
          1,
          7,
          6,
          6,
          null,
          6,
          6,
          4,
          null,
          4,
          null,
          3,
          null,
          null,
          1,
          3,
          3,
          null,
          1,
          null,
          1,
          1,
          null,
          0,
          null,
          null,
          null,
          1,
          null,
          1,
          12,
          null,
          null,
          1,
          10,
          null,
          null,
          null,
          null
        ]
      },
      "/home/visrut/dev/diaspora/app/controllers/api/v1/post_interactions_controller.rb": {
        "lines": [
          null,
          null,
          1,
          1,
          1,
          1,
          null,
          1,
          42,
          null,
          null,
          1,
          10,
          null,
          null,
          1,
          11,
          9,
          null,
          8,
          8,
          null,
          0,
          null,
          null,
          1,
          9,
          null,
          8,
          6,
          null,
          6,
          4,
          4,
          null,
          2,
          null,
          null,
          null,
          1,
          5,
          3,
          3,
          null,
          2,
          2,
          null,
          null,
          1,
          6,
          5,
          3,
          null,
          null,
          null,
          null,
          3,
          2,
          null,
          1,
          null,
          null,
          1,
          null,
          null,
          1,
          6,
          null,
          4,
          null,
          null,
          null,
          null,
          3,
          2,
          null,
          1,
          null,
          null,
          1,
          null,
          null,
          1,
          null,
          1,
          35,
          null,
          null,
          1,
          4,
          null,
          null,
          1,
          35,
          30,
          null,
          25,
          null,
          null,
          null,
          null
        ]
      },
      "/home/visrut/dev/diaspora/app/controllers/api/v1/posts_controller.rb": {
        "lines": [
          null,
          null,
          1,
          1,
          1,
          1,
          null,
          1,
          8,
          null,
          null,
          1,
          29,
          null,
          null,
          1,
          4,
          null,
          null,
          1,
          8,
          6,
          null,
          5,
          null,
          null,
          1,
          23,
          13,
          null,
          13,
          8,
          null,
          15,
          null,
          null,
          1,
          4,
          1,
          null,
          2,
          null,
          null,
          1,
          null,
          1,
          null,
          23,
          null,
          null,
          null,
          null,
          null,
          21,
          21,
          19,
          13,
          null,
          null,
          1,
          21,
          null,
          1,
          1,
          1,
          null,
          null,
          1,
          19,
          null,
          8,
          8,
          null,
          20,
          10,
          6,
          null,
          2,
          null,
          null,
          1,
          21,
          null,
          4,
          4,
          4,
          4,
          null,
          4,
          null,
          4,
          8,
          null,
          2,
          2,
          null,
          null,
          1,
          21,
          null,
          null,
          1,
          12,
          null,
          null,
          1,
          13,
          null,
          null,
          1,
          5,
          null,
          null,
          null,
          null
        ]
      },
      "/home/visrut/dev/diaspora/app/controllers/api/v1/reshares_controller.rb": {
        "lines": [
          null,
          null,
          1,
          1,
          1,
          1,
          5,
          null,
          null,
          1,
          6,
          null,
          null,
          1,
          3,
          null,
          null,
          1,
          0,
          null,
          null,
          1,
          5,
          2,
          2,
          null,
          1,
          null,
          null,
          null,
          null,
          2,
          null,
          null,
          1,
          5,
          null,
          1,
          null,
          3,
          null,
          1,
          null,
          null,
          1,
          null,
          1,
          10,
          null,
          null,
          null,
          null
        ]
      },
      "/home/visrut/dev/diaspora/app/controllers/api/v1/search_controller.rb": {
        "lines": [
          null,
          null,
          1,
          1,
          1,
          1,
          1,
          1,
          1,
          1,
          null,
          1,
          null,
          1,
          30,
          null,
          null,
          1,
          6,
          null,
          null,
          1,
          21,
          32,
          13,
          null,
          null,
          1,
          6,
          14,
          5,
          null,
          null,
          1,
          3,
          2,
          2,
          null,
          null,
          1,
          null,
          1,
          5,
          null,
          null,
          1,
          21,
          21,
          21,
          null,
          20,
          null,
          1,
          19,
          18,
          null,
          null,
          1,
          null,
          null,
          19,
          null,
          19,
          11,
          null,
          11,
          2,
          null,
          null,
          11,
          2,
          null,
          null,
          11,
          6,
          6,
          8,
          null,
          null,
          6,
          null,
          4,
          null,
          null,
          null,
          13,
          null,
          null,
          1,
          6,
          6,
          6,
          null,
          null,
          1,
          3,
          null,
          null,
          1,
          19,
          19,
          15,
          9,
          null,
          null,
          null,
          17,
          null,
          null,
          null,
          1,
          18,
          null,
          null,
          null,
          null
        ]
      },
      "/home/visrut/dev/diaspora/app/controllers/api/v1/streams_controller.rb": {
        "lines": [
          null,
          null,
          1,
          1,
          1,
          1,
          23,
          null,
          null,
          1,
          5,
          null,
          null,
          1,
          3,
          null,
          null,
          1,
          4,
          4,
          4,
          null,
          null,
          1,
          3,
          null,
          null,
          1,
          3,
          null,
          null,
          1,
          3,
          null,
          null,
          1,
          3,
          null,
          null,
          1,
          3,
          null,
          null,
          1,
          2,
          null,
          null,
          1,
          null,
          1,
          21,
          21,
          21,
          21,
          65,
          21,
          21,
          null,
          null,
          1,
          21,
          0,
          null,
          21,
          null,
          null,
          null,
          1,
          21,
          null,
          null,
          null,
          null,
          null
        ]
      },
      "/home/visrut/dev/diaspora/app/controllers/api/v1/tag_followings_controller.rb": {
        "lines": [
          null,
          null,
          1,
          1,
          1,
          1,
          5,
          null,
          null,
          1,
          7,
          null,
          null,
          1,
          4,
          null,
          null,
          1,
          3,
          1,
          null,
          1,
          null,
          1,
          null,
          null,
          1,
          2,
          1,
          null,
          1,
          null,
          null,
          1,
          null,
          1,
          9,
          null,
          null,
          null,
          null
        ]
      },
      "/home/visrut/dev/diaspora/app/controllers/api/openid_connect/user_info_controller.rb": {
        "lines": [
          null,
          null,
          1,
          1,
          1,
          1,
          null,
          1,
          5,
          null,
          null,
          1,
          2,
          2,
          2,
          null,
          12,
          2,
          null,
          2,
          null,
          null,
          1,
          12,
          null,
          null,
          null,
          null
        ]
      },
      "/home/visrut/dev/diaspora/app/controllers/api/v1/users_controller.rb": {
        "lines": [
          null,
          null,
          1,
          1,
          1,
          1,
          null,
          1,
          17,
          null,
          null,
          1,
          5,
          null,
          null,
          1,
          5,
          null,
          null,
          1,
          9,
          null,
          null,
          1,
          7,
          null,
          null,
          1,
          5,
          null,
          null,
          1,
          6,
          5,
          4,
          null,
          4,
          null,
          1,
[...]
          null,
          null,
          null,
          null,
          null,
          null,
          0,
          0,
          null,
          0,
          0,
          0,
          0,
          null,
          0,
          0,
          0,
          null,
          0,
          0,
          null,
          null,
          null,
          null,
          null,
          null,
          null,
          null,
          null,
          0,
          0,
          null,
          0,
          0,
          0,
          0,
          0
        ],
        "branches": {
        }
      },
      "/home/visrut/dev/diaspora/lib/diaspora/message_renderer.rb": {
        "lines": [
          null,
          null,
          0,
          null,
          null,
          null,
          null,
          0,
          0,
          0,
          0,
          null,
          0,
          0,
          0,
          0,
          0,
          0,
          null,
          0,
          0,
          0,
          0,
          null,
          0,
          null,
          0,
          0,
          0,
          0,
          null,
          0,
          0,
          0,
          null,
          0,
          0,
          null,
          0,
          0,
          null,
          0,
          0,
          0,
          null,
          0,
          0,
          0,
          0,
          0,
          null,
          0,
          null,
          0,
          0,
          0,
          0,
          null,
          0,
          0,
          0,
          null,
          0,
          0,
          null,
          null,
          null,
          0,
          0,
          0,
          0,
          0,
          null,
          0,
          0,
          0,
          null,
          0,
          0,
          0,
          0,
          null,
          0,
          0,
          0,
          0,
          0,
          0,
          null,
          0,
          0,
          0,
          null,
          0,
          0,
          0,
          null,
          0,
          0,
          0,
          null,
          0,
          0,
          0,
          null,
          0,
          0,
          0,
          0,
          0,
          0,
          0,
          null,
          0,
          0,
          0,
          0,
          0,
          0,
          0,
          0,
          0,
          0,
          0,
          0,
          0,
          0,
          0,
          0,
          0,
          0,
          0,
          0,
          0,
          0,
          null,
          0,
          null,
          null,
          null,
          null,
          null,
          null,
          null,
          null,
          null,
          null,
          null,
          null,
          null,
          null,
          null,
          null,
          null,
          null,
          null,
          null,
          null,
          null,
          null,
          null,
          0,
          0,
          0,
          0,
          null,
          null,
          0,
          0,
          0,
          0,
          0,
          0,
          0,
          0,
          null,
          null,
          0,
          0,
          0,
          0,
          0,
          0,
          0,
          0,
          0,
          null,
          null,
          0,
          0,
          0,
          0,
          0,
          0,
          0,
          null,
          null,
          0,
          0,
          0,
          0,
          0,
          0,
          0,
          0,
          0,
          0,
          0,
          null,
          null,
          0,
          0,
          0,
          0,
          0,
          0,
          0,
          0,
          0,
          0,
          0,
          0,
          0,
          0,
          null,
          0,
          0,
          0,
          0,
          0,
          0,
          0,
          0,
          0,
          0,
          0,
          0,
          null,
          null,
          null,
          null,
          null,
          0,
          null,
          0,
          0,
          null,
          0,
          0,
          0,
          null,
          0,
          null,
          0,
          0,
          0,
          0,
          0,
          0,
          null,
          null,
          null,
          0,
          0,
          0,
          0,
          0,
          null,
          0,
          0,
          0,
          null,
          0,
          0,
          0,
          null,
          0,
          null,
          0,
          0,
          0,
          0,
          0
        ],
        "branches": {
        }
      },
      "/home/visrut/dev/diaspora/lib/diaspora.rb": {
        "lines": [
          null,
          null,
          null,
          null,
          null,
          null,
          0,
          0,
          0,
          0,
          0,
          0,
          0,
          0,
          0,
          0,
          0
        ],
        "branches": {
        }
      },
      "/home/visrut/dev/diaspora/lib/direction_detector.rb": {
        "lines": [
          null,
          null,
          null,
          null,
          null,
          null,
          null,
          0,
          0,
          0,
          0,
          null,
          0,
          0,
          0,
          0,
          0,
          null,
          null,
          0,
          0,
          0,
          0,
          0,
          0,
          0,
          0
        ],
        "branches": {
        }
      },
      "/home/visrut/dev/diaspora/lib/email_inviter.rb": {
        "lines": [
          null,
          null,
          0,
          0,
          null,
          0,
          0,
          0,
          0,
          0,
          0,
          null,
          0,
          0,
          0,
          0,
          0,
          null,
          0,
          0,
          0,
          null,
          0,
          0,
          0,
          null,
          0,
          null,
          0,
          0,
          0,
          0
        ],
        "branches": {
        }
      },
      "/home/visrut/dev/diaspora/lib/error_page_renderer.rb": {
        "lines": [
          null,
          null,
          null,
          null,
          0,
          0,
          0,
          0,
          0,
          0,
          0,
          null,
          0,
          0,
          0,
          0,
          0,
          0,
          0
        ],
        "branches": {
        }
      },
      "/home/visrut/dev/diaspora/lib/evil_query.rb": {
        "lines": [
          null,
          null,
          0,
          0,
          0,
          null,
          0,
          null,
          0,
          0,
          null,
          0,
          0,
          0,
          0,
          null,
          0,
          0,
          0,
          0,
          0,
          null,
          0,
          0,
          0,
          0,
          0,
          0,
          0,
          0,
          0,
          null,
          0,
          0,
          0,
          0,
          null,
          0,
          0,
          0,
          0,
          null,
          0,
          0,
          0,
          0,
          null,
          0,
          0,
          0,
          0,
          null,
          0,
          0,
          0,
          0,
          0,
          0,
          0,
          0,
          null,
          0,
          0,
          0,
          0,
          0,
          0,
          null,
          0,
          0,
          0,
          0,
          null,
          0,
          0,
          0,
          0,
          null,
          0,
          0,
          0,
          0,
          null,
          0,
          0,
          0,
          null,
          0,
          0,
          0,
          0,
          null,
          0,
          0,
          0,
          0,
          0,
          0,
          0,
          0,
          null,
          0,
          null,
          0,
          0,
          null,
          0,
          null,
          0,
          0,
          0,
          0,
          0,
          0,
          null,
          0,
          0,
          0,
          null,
          0,
          0,
          0,
          0,
          0
        ],
        "branches": {
        }
      },
      "/home/visrut/dev/diaspora/lib/i18n_interpolation_fallbacks.rb": {
        "lines": [
          null,
          null,
          0,
          0,
          0,
          0,
          0,
          0,
          null,
          0,
          null,
          0,
          0,
          0,
          0,
          0,
          0,
          0,
          0,
          null,
          0,
          0,
          0,
          0,
          0,
          0
        ],
        "branches": {
        }
      },
      "/home/visrut/dev/diaspora/lib/publisher.rb": {
        "lines": [
          null,
          null,
          0,
          0,
          null,
          0,
          0,
          0,
          0,
          0,
          0,
          0
        ],
        "branches": {
        }
      },
      "/home/visrut/dev/diaspora/lib/pubsubhubbub.rb": {
        "lines": [
          null,
          null,
          null,
          null,
          null,
          null,
          null,
          0,
          0,
          0,
          0,
          null,
          0,
          null,
          0,
          0,
          0,
          0,
          0,
          0,
          0
        ],
        "branches": {
        }
      },
      "/home/visrut/dev/diaspora/lib/share_visibility_converter.rb": {
        "lines": [
          null,
          null,
          null,
          0,
          0,
          0,
          0,
          0,
          null,
          0,
          0,
          0,
          0,
          0,
          null,
          0,
          0,
          0,
          0,
          0,
          null,
          0,
          0,
          0,
          0,
          0,
          null,
          0,
          0,
          0,
          0,
          0,
          0,
          0,
          null,
          0,
          0,
          0,
          0,
          0,
          0,
          0,
          0,
          0,
          0,
          0,
          0,
          0,
          0,
          0,
          0,
          0,
          0,
          0,
          0
        ],
        "branches": {
        }
      },
      "/home/visrut/dev/diaspora/lib/sidekiq_middlewares.rb": {
        "lines": [
          null,
          null,
          0,
          0,
          0,
          0,
          0,
          0,
          0,
          0,
          0,
          0,
          0,
          0,
          0,
          0
        ],
        "branches": {
        }
      },
      "/home/visrut/dev/diaspora/lib/stream/activity.rb": {
        "lines": [
          null,
          null,
          0,
          0,
          0,
          0,
          null,
          0,
          0,
          0,
          null,
          0,
          0,
          0,
          null,
          null,
          0,
          0,
          0,
          0
        ],
        "branches": {
        }
      },
      "/home/visrut/dev/diaspora/lib/stream/aspect.rb": {
        "lines": [
          null,
          null,
          null,
          null,
          null,
          null,
          0,
          null,
          null,
          null,
          null,
          null,
          null,
          null,
          0,
          0,
          0,
          0,
          null,
          null,
          null,
          null,
          null,
          null,
          0,
          0,
          0,
          0,
          0,
          0,
          0,
          null,
          null,
          0,
          null,
          0,
          0,
          0,
          0,
          0,
          0,
          0,
          null,
          null,
          0,
          0,
          0,
          null,
          null,
          0,
          0,
          0,
          null,
          null,
          null,
          null,
          0,
          0,
          0,
          0,
          0,
          null,
          null,
          null,
          null,
          null,
          0,
          0,
          0,
          0,
          0,
          0,
          0,
          null,
          null,
          null,
          null,
          null,
          0,
          0,
          0,
          null,
          0,
          null,
          0,
          0,
          0,
          0
        ],
        "branches": {
        }
      },
      "/home/visrut/dev/diaspora/lib/stream/base.rb": {
        "lines": [
          null,
          null,
          0,
          0,
          null,
          0,
          null,
          0,
          0,
          0,
          0,
          0,
          0,
          null,
          null,
          0,
          0,
          0,
          null,
          0,
          0,
          0,
          null,
          null,
          0,
          0,
          0,
          null,
          null,
          0,
          0,
          0,
          null,
          null,
          0,
          0,
          0,
          0,
          0,
          null,
          null,
          0,
          0,
          0,
          0,
          0,
          null,
          null,
          0,
          0,
          0,
          null,
          null,
          null,
          0,
          0,
          0,
          null,
          null,
          0,
          0,
          0,
          null,
          0,
          0,
          0,
          0,
          null,
          0,
          0,
          0,
          0,
          null,
          0,
          null,
          0,
          0,
          null,
          0,
          null,
          0,
          0,
          0,
          0,
          null,
          0,
          0,
          0,
          0,
          null,
          null,
          0,
          0,
          0,
          null,
          null,
          null,
          null,
          0,
          0,
          0,
          0
        ],
        "branches": {
        }
      },
      "/home/visrut/dev/diaspora/lib/stream/comments.rb": {
        "lines": [
          null,
          null,
          null,
          null,
          null,
          null,
          0,
          0,
          0,
          0,
          null,
          0,
          0,
          0,
          null,
          null,
          0,
          0,
          0,
          0
        ],
        "branches": {
        }
      },
      "/home/visrut/dev/diaspora/lib/stream/followed_tag.rb": {
        "lines": [
          null,
          null,
          null,
          null,
          null,
          null,
          0,
          null,
          0,
          0,
          0,
          null,
          0,
          0,
          0,
          null,
          null,
          0,
          0,
          0,
          null,
          0,
          null,
          0,
          0,
          0,
          null,
          0,
          0,
          0,
          null,
          0,
          0,
          0,
          0
        ],
        "branches": {
        }
      },
      "/home/visrut/dev/diaspora/lib/stream/likes.rb": {
        "lines": [
          null,
          null,
          null,
          null,
          null,
          null,
          0,
          0,
          0,
          0,
          null,
          0,
          0,
          0,
          null,
          null,
          0,
          0,
          0,
          0
        ],
        "branches": {
        }
      },
      "/home/visrut/dev/diaspora/lib/stream/local_public.rb": {
        "lines": [
          null,
          null,
          null,
          0,
          0,
          0,
          0,
          null,
          0,
          0,
          0,
          null,
          null,
          0,
          0,
          0,
          null,
          null,
          0,
          0,
          0,
          0,
          null
        ],
        "branches": {
        }
      },
      "/home/visrut/dev/diaspora/lib/stream/mention.rb": {
        "lines": [
          null,
          null,
          null,
          null,
          null,
          null,
          0,
          0,
          0,
          0,
          null,
          0,
          0,
          0,
          null,
          null,
          0,
          0,
          0,
          0
        ],
        "branches": {
        }
      },
      "/home/visrut/dev/diaspora/lib/stream/multi.rb": {
        "lines": [
          null,
          null,
          0,
          null,
          null,
          0,
          0,
          0,
          null,
          null,
          0,
          0,
          0,
          null,
          0,
          0,
          0,
          null,
          null,
          null,
          0,
          0,
          0,
          0,
          0,
          null,
          0,
          null,
          0,
          0,
          0,
          0,
          0,
          0,
          0,
          null,
          null,
          null,
          null,
          0,
          0,
          0,
          0,
          0,
          0,
          null,
          0,
          0,
          0,
          0,
          null,
          0,
          0,
          null,
          null,
          0,
          0,
          0,
          null,
          null,
          0,
          0,
          0,
          0,
          0,
          0,
          0,
          null,
          null,
          0,
          0,
          0,
          0,
          0,
          null,
          null,
          0,
          0,
          0,
          0
        ],
        "branches": {
        }
      },
      "/home/visrut/dev/diaspora/lib/stream/person.rb": {
        "lines": [
          null,
          null,
          null,
          null,
          null,
          null,
          0,
          null,
          0,
          null,
          0,
          0,
          0,
          0,
          null,
          null,
          0,
          0,
          0,
          null,
          null,
          0,
          0,
          0,
          0,
          0,
          0
        ],
        "branches": {
        }
      },
      "/home/visrut/dev/diaspora/lib/stream/public.rb": {
        "lines": [
          null,
          null,
          null,
          null,
          null,
          null,
          0,
          0,
          0,
          0,
          null,
          0,
          0,
          0,
          null,
          null,
          0,
          0,
          0,
          null,
          null,
          0,
          0,
          0,
          0
        ],
        "branches": {
        }
      },
      "/home/visrut/dev/diaspora/lib/stream/tag.rb": {
        "lines": [
          null,
          null,
          null,
          null,
          null,
          null,
          0,
          0,
          null,
          0,
          0,
          0,
          0,
          0,
          0,
          0,
          null,
          0,
          0,
          0,
          null,
          0,
          0,
          0,
          null,
          0,
          0,
          0,
          null,
          0,
          0,
          0,
          null,
          0,
          0,
          null,
          0,
          0,
          0,
          0,
          0,
          null,
          0,
          0,
          0,
          0,
          null,
          0,
          0,
          0,
          null,
          0,
          null,
          null,
          0,
          0,
          0,
          0
        ],
        "branches": {
        }
      },
      "/home/visrut/dev/diaspora/lib/stream.rb": {
        "lines": [
          null,
          null,
          0,
          0,
          0,
          0,
          0,
          0,
          0,
          0,
          0,
          0,
          0,
          0,
          0
        ],
        "branches": {
        }
      }
    },
    "timestamp": 1721204508
  }
}
